生成启动时间为 2016/11/4 16:43:08。
     1>项目“E:\cpp\cppbase\DB\DB\DB.vcxproj”在节点 2 上(Build 个目标)。
     1>ClCompile:
         D:\VS\Microsoft Visual Studio 11.0\VC\bin\CL.exe /c /ZI /nologo /W3 /WX- /Od /Oy- /D WIN32 /D _DEBUG /D _CONSOLE /D _UNICODE /D UNICODE /Gm /EHsc /RTC1 /MDd /GS /fp:precise /Zc:wchar_t /Zc:forScope /Fo"Debug\\" /Fd"Debug\vc110.pdb" /Gd /TP /analyze- /errorReport:prompt ..\..\useful_demo\DB\application.cpp ..\..\useful_demo\DB\file\conf.cpp ..\..\useful_demo\DB\sys\SysConfMgr.cpp
         SysConfMgr.cpp
     1>e:\cpp\cppbase\useful_demo\db\singletion.h : warning C4819: 该文件包含不能在当前代码页(936)中表示的字符。请将该文件保存为 Unicode 格式以防止数据丢失
     1>e:\cpp\cppbase\useful_demo\db\rapidxml\rapidxml.hpp(886): warning C4018: “>=”: 有符号/无符号不匹配
                 e:\cpp\cppbase\useful_demo\db\rapidxml\rapidxml.hpp(881): 编译类 模板 成员函数“char *rapidxml::xml_attribute<Ch>::xmlns(void) const”时
                 with
                 [
                     Ch=char
                 ]
                 e:\cpp\cppbase\useful_demo\db\rapidxml\rapidxml.hpp(1537): 参见对正在编译的函数 模板 实例化“char *rapidxml::xml_attribute<Ch>::xmlns(void) const”的引用
                 with
                 [
                     Ch=char
                 ]
                 e:\cpp\cppbase\useful_demo\db\sys\sysconfmgr.cpp(48): 参见对正在编译的类 模板 实例化“rapidxml::xml_attribute<Ch>”的引用
                 with
                 [
                     Ch=char
                 ]
     1>e:\cpp\cppbase\useful_demo\db\rapidxml\rapidxml.hpp(887): warning C4018: “>=”: 有符号/无符号不匹配
         conf.cpp
     1>e:\cpp\cppbase\useful_demo\db\singletion.h : warning C4819: 该文件包含不能在当前代码页(936)中表示的字符。请将该文件保存为 Unicode 格式以防止数据丢失
         正在生成代码...
     1>e:\cpp\cppbase\useful_demo\db\file\conf.cpp(73): warning C4715: “CReadConf::writeStructs”: 不是所有的控件路径都返回值
     1>e:\cpp\cppbase\useful_demo\db\file\conf.cpp(90): warning C4715: “CReadConf::writeSqls”: 不是所有的控件路径都返回值
         正在编译...
         application.cpp
     1>e:\cpp\cppbase\useful_demo\db\singletion.h : warning C4819: 该文件包含不能在当前代码页(936)中表示的字符。请将该文件保存为 Unicode 格式以防止数据丢失
         正在生成代码...
       Link:
         D:\VS\Microsoft Visual Studio 11.0\VC\bin\link.exe /ERRORREPORT:PROMPT /OUT:"E:\cpp\cppbase\DB\Debug\DB.exe" /INCREMENTAL /NOLOGO kernel32.lib user32.lib gdi32.lib winspool.lib comdlg32.lib advapi32.lib shell32.lib ole32.lib oleaut32.lib uuid.lib odbc32.lib odbccp32.lib /MANIFEST /MANIFESTUAC:"level='asInvoker' uiAccess='false'" /manifest:embed /DEBUG /PDB:"E:\cpp\cppbase\DB\Debug\DB.pdb" /SUBSYSTEM:CONSOLE /TLBID:1 /DYNAMICBASE /NXCOMPAT /IMPLIB:"E:\cpp\cppbase\DB\Debug\DB.lib" /MACHINE:X86 Debug\application.obj
         Debug\conf.obj
         Debug\SysConfMgr.obj
         DB.vcxproj -> E:\cpp\cppbase\DB\Debug\DB.exe
     1>已完成生成项目“E:\cpp\cppbase\DB\DB\DB.vcxproj”(Build 个目标)的操作。

生成成功。

已用时间 00:00:02.19
